Command line:
   ConSum_8bits_tb_isim_par.exe
     -simmode  gui
     -sdfmax  /uut/=netgen/par/ConSum_8bits_timesim.sdf
     -sdfroot  /uut
     -simrunnum  0
     -socket  45786

Fri Nov 18 16:10:07 2016


 Elaboration Time: 0.07 sec

 Current Memory Usage: 200.593 Meg

 Total Signals          : 464
 Total Nets             : 273
 Total Signal Drivers   : 236
 Total Blocks           : 163
 Total Primitive Blocks : 85
 Total Processes        : 235
 Total Traceable Variables  : 699
 Total Scalar Nets and Variables : 6768

 Total Simulation Time: 0.08 sec

 Current Memory Usage: 276.169 Meg

Fri Nov 18 16:18:06 2016

