ISim log file
Running: /afs/tu-berlin.de/home/b/barracuda1994/irb-ubuntu/CLAAdder/CLAAdder8Bits_tb_isim_par.exe -intstyle ise -gui -sdfmax /uut/=netgen/par/CLAAdder8Bits_timesim.sdf -sdfroot /uut -tclbatch isim.cmd -wdb /afs/tu-berlin.de/home/b/barracuda1994/irb-ubuntu/CLAAdder/CLAAdder8Bits_tb_isim_par.wdb 
ISim P.58f (signature 0xfbc00daa)
----------------------------------------------------------------------
INFO:Security:51 - The XILINXD_LICENSE_FILE environment variable is not set.
INFO:Security:52 - The LM_LICENSE_FILE environment variable is set to '1650@bolero.cs.tu-berlin.de:2100@bolero.cs.tu-berlin.de:2100@licaes.msc.tu-berlin.de'.
WARNING:Security:43 - No license file was found in the standard Xilinx license directory.
WARNING:Security:44 - Since no license file was found,
       please run the Xilinx License Configuration Manager
       (xlcm or "Manage Xilinx Licenses")
       to assist in obtaining a license.
WARNING:Security:42 - Your software subscription period has lapsed. Your current version of Xilinx tools will continue to function, but you no longer qualify for Xilinx software updates or new releases.


----------------------------------------------------------------------
This is a Full version of ISim.
INFO: SDF backannotation was successful with SDF file netgen/par/CLAAdder8Bits_timesim.sdf, for root module /uut/.
Time resolution is 1 ps
# onerror resume
# wave add /
# run 1000 ns
Simulator is doing circuit initialization process.
Finished circuit initialization process.
# exit 0
