Release 14.5 - xst P.58f (lin64)
Copyright (c) 1995-2012 Xilinx, Inc.  All rights reserved.
--> 
Parameter TMPDIR set to xst/projnav.tmp


Total REAL time to Xst completion: 1.00 secs
Total CPU time to Xst completion: 0.07 secs
 
--> 
Parameter xsthdpdir set to xst


Total REAL time to Xst completion: 1.00 secs
Total CPU time to Xst completion: 0.07 secs
 
--> 
Reading design: ConSum_8bits.prj

TABLE OF CONTENTS
  1) Synthesis Options Summary
  2) HDL Compilation
  3) Design Hierarchy Analysis
  4) HDL Analysis
  5) HDL Synthesis
     5.1) HDL Synthesis Report
  6) Advanced HDL Synthesis
     6.1) Advanced HDL Synthesis Report
  7) Low Level Synthesis
  8) Partition Report
  9) Final Report
	9.1) Device utilization summary
	9.2) Partition Resource Summary
	9.3) TIMING REPORT


=========================================================================
*                      Synthesis Options Summary                        *
=========================================================================
---- Source Parameters
Input File Name                    : "ConSum_8bits.prj"
Input Format                       : mixed
Ignore Synthesis Constraint File   : NO

---- Target Parameters
Output File Name                   : "ConSum_8bits"
Output Format                      : NGC
Target Device                      : xc3s500e-5-fg320

---- Source Options
Top Module Name                    : ConSum_8bits
Automatic FSM Extraction           : YES
FSM Encoding Algorithm             : Auto
Safe Implementation                : No
FSM Style                          : LUT
RAM Extraction                     : Yes
RAM Style                          : Auto
ROM Extraction                     : Yes
Mux Style                          : Auto
Decoder Extraction                 : YES
Priority Encoder Extraction        : Yes
Shift Register Extraction          : YES
Logical Shifter Extraction         : YES
XOR Collapsing                     : YES
ROM Style                          : Auto
Mux Extraction                     : Yes
Resource Sharing                   : YES
Asynchronous To Synchronous        : NO
Multiplier Style                   : Auto
Automatic Register Balancing       : No

---- Target Options
Add IO Buffers                     : YES
Global Maximum Fanout              : 500
Add Generic Clock Buffer(BUFG)     : 24
Register Duplication               : YES
Slice Packing                      : YES
Optimize Instantiated Primitives   : NO
Use Clock Enable                   : Yes
Use Synchronous Set                : Yes
Use Synchronous Reset              : Yes
Pack IO Registers into IOBs        : Auto
Equivalent register Removal        : YES

---- General Options
Optimization Goal                  : Speed
Optimization Effort                : 1
Keep Hierarchy                     : No
Netlist Hierarchy                  : As_Optimized
RTL Output                         : Yes
Global Optimization                : AllClockNets
Read Cores                         : YES
Write Timing Constraints           : NO
Cross Clock Analysis               : NO
Hierarchy Separator                : /
Bus Delimiter                      : <>
Case Specifier                     : Maintain
Slice Utilization Ratio            : 100
BRAM Utilization Ratio             : 100
Verilog 2001                       : YES
Auto BRAM Packing                  : NO
Slice Utilization Ratio Delta      : 5

=========================================================================


=========================================================================
*                          HDL Compilation                              *
=========================================================================
Compiling vhdl file "/afs/tu-berlin.de/home/b/barracuda1994/irb-ubuntu/ConSum/HalfAdder.vhd" in Library work.
Entity <HalfAdder> compiled.
Entity <HalfAdder> (Architecture <Behavioral>) compiled.
Compiling vhdl file "/afs/tu-berlin.de/home/b/barracuda1994/irb-ubuntu/ConSum/ResultGen.vhd" in Library work.
Entity <ResultGen> compiled.
Entity <ResultGen> (Architecture <Behavioral>) compiled.
Compiling vhdl file "/afs/tu-berlin.de/home/b/barracuda1994/irb-ubuntu/ConSum/Selector1.vhd" in Library work.
Entity <Selector1> compiled.
Entity <Selector1> (Architecture <Behavioral>) compiled.
Compiling vhdl file "/afs/tu-berlin.de/home/b/barracuda1994/irb-ubuntu/ConSum/Selector2.vhd" in Library work.
Entity <Selector2> compiled.
Entity <Selector2> (Architecture <Behavioral>) compiled.
Compiling vhdl file "/afs/tu-berlin.de/home/b/barracuda1994/irb-ubuntu/ConSum/Selector3.vhd" in Library work.
Entity <Selector3> compiled.
Entity <Selector3> (Architecture <Behavioral>) compiled.
Compiling vhdl file "/afs/tu-berlin.de/home/b/barracuda1994/irb-ubuntu/ConSum/ComSum_8bits.vhd" in Library work.
Entity <ConSum_8bits> compiled.
Entity <ConSum_8bits> (Architecture <Behavioral>) compiled.

=========================================================================
*                     Design Hierarchy Analysis                         *
=========================================================================
Analyzing hierarchy for entity <ConSum_8bits> in library <work> (architecture <Behavioral>).

Analyzing hierarchy for entity <HalfAdder> in library <work> (architecture <Behavioral>).

Analyzing hierarchy for entity <ResultGen> in library <work> (architecture <Behavioral>).

Analyzing hierarchy for entity <Selector1> in library <work> (architecture <Behavioral>).

Analyzing hierarchy for entity <Selector2> in library <work> (architecture <Behavioral>).

Analyzing hierarchy for entity <Selector3> in library <work> (architecture <Behavioral>).


=========================================================================
*                            HDL Analysis                               *
=========================================================================
Analyzing Entity <ConSum_8bits> in library <work> (Architecture <Behavioral>).
Entity <ConSum_8bits> analyzed. Unit <ConSum_8bits> generated.

Analyzing Entity <HalfAdder> in library <work> (Architecture <Behavioral>).
Entity <HalfAdder> analyzed. Unit <HalfAdder> generated.

Analyzing Entity <ResultGen> in library <work> (Architecture <Behavioral>).
Entity <ResultGen> analyzed. Unit <ResultGen> generated.

Analyzing Entity <Selector1> in library <work> (Architecture <Behavioral>).
Entity <Selector1> analyzed. Unit <Selector1> generated.

Analyzing Entity <Selector2> in library <work> (Architecture <Behavioral>).
Entity <Selector2> analyzed. Unit <Selector2> generated.

Analyzing Entity <Selector3> in library <work> (Architecture <Behavioral>).
Entity <Selector3> analyzed. Unit <Selector3> generated.


=========================================================================
*                           HDL Synthesis                               *
=========================================================================

Performing bidirectional port resolution...

Synthesizing Unit <HalfAdder>.
    Related source file is "/afs/tu-berlin.de/home/b/barracuda1994/irb-ubuntu/ConSum/HalfAdder.vhd".
    Found 1-bit xor2 for signal <s>.
Unit <HalfAdder> synthesized.


Synthesizing Unit <ResultGen>.
    Related source file is "/afs/tu-berlin.de/home/b/barracuda1994/irb-ubuntu/ConSum/ResultGen.vhd".
    Found 1-bit xor2 for signal <cs0$xor0000> created at line 43.
Unit <ResultGen> synthesized.


Synthesizing Unit <Selector1>.
    Related source file is "/afs/tu-berlin.de/home/b/barracuda1994/irb-ubuntu/ConSum/Selector1.vhd".
Unit <Selector1> synthesized.


Synthesizing Unit <Selector2>.
    Related source file is "/afs/tu-berlin.de/home/b/barracuda1994/irb-ubuntu/ConSum/Selector2.vhd".
Unit <Selector2> synthesized.


Synthesizing Unit <Selector3>.
    Related source file is "/afs/tu-berlin.de/home/b/barracuda1994/irb-ubuntu/ConSum/Selector3.vhd".
Unit <Selector3> synthesized.


Synthesizing Unit <ConSum_8bits>.
    Related source file is "/afs/tu-berlin.de/home/b/barracuda1994/irb-ubuntu/ConSum/ComSum_8bits.vhd".
Unit <ConSum_8bits> synthesized.


=========================================================================
HDL Synthesis Report

Macro Statistics
# Xors                                                 : 8
 1-bit xor2                                            : 8

=========================================================================

=========================================================================
*                       Advanced HDL Synthesis                          *
=========================================================================


=========================================================================
Advanced HDL Synthesis Report

Macro Statistics
# Xors                                                 : 8
 1-bit xor2                                            : 8

=========================================================================

=========================================================================
*                         Low Level Synthesis                           *
=========================================================================

Optimizing unit <ConSum_8bits> ...

Mapping all equations...
Building and optimizing final netlist ...
Found area constraint ratio of 100 (+ 5) on block ConSum_8bits, actual ratio is 0.

Final Macro Processing ...

=========================================================================
Final Register Report

Found no macro
=========================================================================

=========================================================================
*                           Partition Report                            *
=========================================================================

Partition Implementation Status
-------------------------------

  No Partitions were found in this design.

-------------------------------

=========================================================================
*                            Final Report                               *
=========================================================================
Final Results
RTL Top Level Output File Name     : ConSum_8bits.ngr
Top Level Output File Name         : ConSum_8bits
Output Format                      : NGC
Optimization Goal                  : Speed
Keep Hierarchy                     : No

Design Statistics
# IOs                              : 25

Cell Usage :
# BELS                             : 18
#      LUT2                        : 1
#      LUT3                        : 7
#      LUT4                        : 9
#      MUXF5                       : 1
# IO Buffers                       : 25
#      IBUF                        : 16
#      OBUF                        : 9
=========================================================================

Device utilization summary:
---------------------------

Selected Device : 3s500efg320-5 

 Number of Slices:                       10  out of   4656     0%  
 Number of 4 input LUTs:                 17  out of   9312     0%  
 Number of IOs:                          25
 Number of bonded IOBs:                  25  out of    232    10%  

---------------------------
Partition Resource Summary:
---------------------------

  No Partitions were found in this design.

---------------------------


=========================================================================
TIMING REPORT

NOTE: THESE TIMING NUMBERS ARE ONLY A SYNTHESIS ESTIMATE.
      FOR ACCURATE TIMING INFORMATION PLEASE REFER TO THE TRACE REPORT
      GENERATED AFTER PLACE-and-ROUTE.

Clock Information:
------------------
No clock signals found in this design

Asynchronous Control Signals Information:
----------------------------------------
No asynchronous control signals found in this design

Timing Summary:
---------------
Speed Grade: -5

   Minimum period: No path found
   Minimum input arrival time before clock: No path found
   Maximum output required time after clock: No path found
   Maximum combinational path delay: 10.013ns

Timing Detail:
--------------
All values displayed in nanoseconds (ns)

=========================================================================
Timing constraint: Default path analysis
  Total number of paths / destination ports: 104 / 9
-------------------------------------------------------------------------
Delay:               10.013ns (Levels of Logic = 7)
  Source:            a<1> (PAD)
  Destination:       co (PAD)

  Data Path: a<1> to co
                                Gate     Net
    Cell:in->out      fanout   Delay   Delay  Logical Name (Net Name)
    ----------------------------------------  ------------
     IBUF:I->O             2   1.106   0.532  a_1_IBUF (a_1_IBUF)
     LUT4:I0->O            2   0.612   0.449  u9/csout<1>1 (csout_21<1>)
     LUT3:I1->O            3   0.612   0.520  u16/csout<1>11 (N11)
     LUT4:I1->O            2   0.612   0.410  u19/csout<2>128 (u19/csout<2>128)
     LUT4:I2->O            2   0.612   0.410  u19/csout<3>11 (N01)
     LUT3:I2->O            1   0.612   0.357  u19/csout<4>1 (co_OBUF)
     OBUF:I->O                 3.169          co_OBUF (co)
    ----------------------------------------
    Total                     10.013ns (7.335ns logic, 2.678ns route)
                                       (73.3% logic, 26.7% route)

=========================================================================


Total REAL time to Xst completion: 6.00 secs
Total CPU time to Xst completion: 4.11 secs
 
--> 


Total memory usage is 518920 kilobytes

Number of errors   :    0 (   0 filtered)
Number of warnings :    0 (   0 filtered)
Number of infos    :    0 (   0 filtered)

